{
  error: Error: Uncaught exception ***
      at file:///C:/Users/LEOS/Desktop/Programing/WEB/NodeJs/03-Series-ST/11-token-based-authentication-and-authorization/05-error-handling-and-logging/07-uncaught-exceptions/index.js:21:7
      at ModuleJob.run (node:internal/modules/esm/module_job:198:25)
      at async Promise.all (index 0)
      at async ESMLoader.import (node:internal/modules/esm/loader:385:24)
      at async loadESM (node:internal/process/esm_loader:88:5)
      at async handleMainPromise (node:internal/modules/run_main:61:12),
  level: 'error',
  message: 'uncaughtException: Uncaught exception ***\n' +
    'Error: Uncaught exception ***\n' +
    '    at file:///C:/Users/LEOS/Desktop/Programing/WEB/NodeJs/03-Series-ST/11-token-based-authentication-and-authorization/05-error-handling-and-logging/07-uncaught-exceptions/index.js:21:7\n' +
    '    at ModuleJob.run (node:internal/modules/esm/module_job:198:25)\n' +
    '    at async Promise.all (index 0)\n' +
    '    at async ESMLoader.import (node:internal/modules/esm/loader:385:24)\n' +
    '    at async loadESM (node:internal/process/esm_loader:88:5)\n' +
    '    at async handleMainPromise (node:internal/modules/run_main:61:12)',
  stack: 'Error: Uncaught exception ***\n' +
    '    at file:///C:/Users/LEOS/Desktop/Programing/WEB/NodeJs/03-Series-ST/11-token-based-authentication-and-authorization/05-error-handling-and-logging/07-uncaught-exceptions/index.js:21:7\n' +
    '    at ModuleJob.run (node:internal/modules/esm/module_job:198:25)\n' +
    '    at async Promise.all (index 0)\n' +
    '    at async ESMLoader.import (node:internal/modules/esm/loader:385:24)\n' +
    '    at async loadESM (node:internal/process/esm_loader:88:5)\n' +
    '    at async handleMainPromise (node:internal/modules/run_main:61:12)',
  exception: true,
  date: 'Tue Nov 08 2022 00:07:53 GMT+0300 (GMT+03:00)',
  process: {
    pid: 14740,
    uid: null,
    gid: null,
    cwd: 'C:\\Users\\LEOS\\Desktop\\Programing\\WEB\\NodeJs\\03-Series-ST\\11-token-based-authentication-and-authorization\\05-error-handling-and-logging\\07-uncaught-exceptions',
    execPath: 'C:\\Program Files\\nodejs\\node.exe',
    version: 'v16.15.0',
    argv: [
      'C:\\Program Files\\nodejs\\node.exe',
      'C:\\Users\\LEOS\\Desktop\\Programing\\WEB\\NodeJs\\03-Series-ST\\11-token-based-authentication-and-authorization\\05-error-handling-and-logging\\07-uncaught-exceptions\\index.js'
    ],
    memoryUsage: {
      rss: 87756800,
      heapTotal: 64909312,
      heapUsed: 32486384,
      external: 45027599,
      arrayBuffers: 36218535
    }
  },
  os: { loadavg: [ 0, 0, 0 ], uptime: 113491 },
  trace: [
    {
      column: 7,
      file: 'file:///C:/Users/LEOS/Desktop/Programing/WEB/NodeJs/03-Series-ST/11-token-based-authentication-and-authorization/05-error-handling-and-logging/07-uncaught-exceptions/index.js',
      function: null,
      line: 21,
      method: null,
      native: false
    },
    {
      column: 25,
      file: 'node:internal/modules/esm/module_job',
      function: 'ModuleJob.run',
      line: 198,
      method: 'run',
      native: false
    },
    {
      column: null,
      file: null,
      function: 'async Promise.all',
      line: null,
      method: 'all',
      native: false
    },
    {
      column: 24,
      file: 'node:internal/modules/esm/loader',
      function: 'async ESMLoader.import',
      line: 385,
      method: 'import',
      native: false
    },
    {
      column: 5,
      file: 'node:internal/process/esm_loader',
      function: 'async loadESM',
      line: 88,
      method: null,
      native: false
    },
    {
      column: 12,
      file: 'node:internal/modules/run_main',
      function: 'async handleMainPromise',
      line: 61,
      method: null,
      native: false
    }
  ],
  timestamp: '11-08-2022 00:07:53'
}
